2026-03-07T19:22:26.455Z ERROR 1 --- [io-8443-exec-10] o.a.c.c.C.[.[.[/].[dispatcherServlet]    : Servlet.service() for servlet [dispatcherServlet] in context with path [] threw exception [Request processing failed: java.lang.NullPointerException: Cannot invoke "org.apache.coyote.ActionHook.action(org.apache.coyote.ActionCode, Object)" because "this.hook" is null] with root cause

java.lang.NullPointerException: Cannot invoke "org.apache.coyote.ActionHook.action(org.apache.coyote.ActionCode, Object)" because "this.hook" is null
	at org.apache.coyote.Request.action(Request.java:521) ~[tomcat-embed-core-10.1.36.jar!/:na]
	at org.apache.coyote.http2.Stream$StandardStreamInputBuffer.receiveReset(Stream.java:1518) ~[tomcat-embed-core-10.1.36.jar!/:na]
	at org.apache.coyote.http2.Stream.receiveReset(Stream.java:224) ~[tomcat-embed-core-10.1.36.jar!/:na]
	at org.apache.coyote.http2.Http2UpgradeHandler.close(Http2UpgradeHandler.java:1305) ~[tomcat-embed-core-10.1.36.jar!/:na]
	at org.apache.coyote.http2.Http2UpgradeHandler.handleAppInitiatedIOException(Http2UpgradeHandler.java:859) ~[tomcat-embed-core-10.1.36.jar!/:na]
	at org.apache.coyote.http2.Http2AsyncUpgradeHandler.handleAsyncException(Http2AsyncUpgradeHandler.java:313) ~[tomcat-embed-core-10.1.36.jar!/:na]
	at org.apache.coyote.http2.Http2AsyncUpgradeHandler.writeBody(Http2AsyncUpgradeHandler.java:250) ~[tomcat-embed-core-10.1.36.jar!/:na]
	at org.apache.coyote.http2.Stream$StreamOutputBuffer.flush(Stream.java:1129) ~[tomcat-embed-core-10.1.36.jar!/:na]
	at org.apache.coyote.http2.Stream$StreamOutputBuffer.flush(Stream.java:1064) ~[tomcat-embed-core-10.1.36.jar!/:na]
	at org.apache.coyote.http2.Stream$StreamOutputBuffer.flush(Stream.java:1191) ~[tomcat-embed-core-10.1.36.jar!/:na]
	at org.apache.coyote.http2.Http2OutputBuffer.flush(Http2OutputBuffer.java:75) ~[tomcat-embed-core-10.1.36.jar!/:na]
	at org.apache.coyote.http2.StreamProcessor.flush(StreamProcessor.java:296) ~[tomcat-embed-core-10.1.36.jar!/:na]
	at org.apache.coyote.AbstractProcessor.action(AbstractProcessor.java:408) ~[tomcat-embed-core-10.1.36.jar!/:na]
	at org.apache.coyote.Response.action(Response.java:208) ~[tomcat-embed-core-10.1.36.jar!/:na]
	at org.apache.catalina.connector.OutputBuffer.doFlush(OutputBuffer.java:304) ~[tomcat-embed-core-10.1.36.jar!/:na]
	at org.apache.catalina.connector.OutputBuffer.flush(OutputBuffer.java:270) ~[tomcat-embed-core-10.1.36.jar!/:na]
	at org.apache.catalina.connector.CoyoteOutputStream.flush(CoyoteOutputStream.java:133) ~[tomcat-embed-core-10.1.36.jar!/:na]
	at org.springframework.web.context.request.async.StandardServletAsyncWebRequest$LifecycleServletOutputStream.flush(StandardServletAsyncWebRequest.java:415) ~[spring-web-6.2.3.jar!/:6.2.3]
	at org.springframework.util.StreamUtils.copy(StreamUtils.java:136) ~[spring-core-6.2.3.jar!/:6.2.3]
	at org.springframework.http.converter.StringHttpMessageConverter.writeInternal(StringHttpMessageConverter.java:128) ~[spring-web-6.2.3.jar!/:6.2.3]
	at org.springframework.http.converter.StringHttpMessageConverter.writeInternal(StringHttpMessageConverter.java:44) ~[spring-web-6.2.3.jar!/:6.2.3]
	at org.springframework.http.converter.AbstractHttpMessageConverter.write(AbstractHttpMessageConverter.java:235) ~[spring-web-6.2.3.jar!/:6.2.3]
	at org.springframework.web.servlet.mvc.method.annotation.AbstractMessageConverterMethodProcessor.writeWithMessageConverters(AbstractMessageConverterMethodProcessor.java:344) ~[spring-webmvc-6.2.3.jar!/:6.2.3]
	at org.springframework.web.servlet.mvc.method.annotation.RequestResponseBodyMethodProcessor.handleReturnValue(RequestResponseBodyMethodProcessor.java:208) ~[spring-webmvc-6.2.3.jar!/:6.2.3]
	at org.springframework.web.method.support.HandlerMethodReturnValueHandlerComposite.handleReturnValue(HandlerMethodReturnValueHandlerComposite.java:78) ~[spring-web-6.2.3.jar!/:6.2.3]
	at org.springframework.web.servlet.mvc.method.annotation.ServletInvocableHandlerMethod.invokeAndHandle(ServletInvocableHandlerMethod.java:136) ~[spring-webmvc-6.2.3.jar!/:6.2.3]
	at org.springframework.web.servlet.mvc.method.annotation.RequestMappingHandlerAdapter.invokeHandlerMethod(RequestMappingHandlerAdapter.java:986) ~[spring-webmvc-6.2.3.jar!/:6.2.3]
	at org.springframework.web.servlet.mvc.method.annotation.RequestMappingHandlerAdapter.handleInternal(RequestMappingHandlerAdapter.java:891) ~[spring-webmvc-6.2.3.jar!/:6.2.3]
	at org.springframework.web.servlet.mvc.method.AbstractHandlerMethodAdapter.handle(AbstractHandlerMethodAdapter.java:87) ~[spring-webmvc-6.2.3.jar!/:6.2.3]
	at org.springframework.web.servlet.DispatcherServlet.doDispatch(DispatcherServlet.java:1088) ~[spring-webmvc-6.2.3.jar!/:6.2.3]
	at org.springframework.web.servlet.DispatcherServlet.doService(DispatcherServlet.java:978) ~[spring-webmvc-6.2.3.jar!/:6.2.3]
	at org.springframework.web.servlet.FrameworkServlet.processRequest(FrameworkServlet.java:1014) ~[spring-webmvc-6.2.3.jar!/:6.2.3]
	at org.springframework.web.servlet.FrameworkServlet.doGet(FrameworkServlet.java:903) ~[spring-webmvc-6.2.3.jar!/:6.2.3]
	at jakarta.servlet.http.HttpServlet.service(HttpServlet.java:564) ~[tomcat-embed-core-10.1.36.jar!/:na]
	at org.springframework.web.servlet.FrameworkServlet.service(FrameworkServlet.java:885) ~[spring-webmvc-6.2.3.jar!/:6.2.3]
	at jakarta.servlet.http.HttpServlet.service(HttpServlet.java:658) ~[tomcat-embed-core-10.1.36.jar!/:na]
	at org.apache.catalina.core.ApplicationFilterChain.internalDoFilter(ApplicationFilterChain.java:195) ~[tomcat-embed-core-10.1.36.jar!/:na]
	at org.apache.catalina.core.ApplicationFilterChain.doFilter(ApplicationFilterChain.java:140) ~[tomcat-embed-core-10.1.36.jar!/:na]
	at org.apache.tomcat.websocket.server.WsFilter.doFilter(WsFilter.java:51) ~[tomcat-embed-websocket-10.1.36.jar!/:na]
	at org.apache.catalina.core.ApplicationFilterChain.internalDoFilter(ApplicationFilterChain.java:164) ~[tomcat-embed-core-10.1.36.jar!/:na]
	at org.apache.catalina.core.ApplicationFilterChain.doFilter(ApplicationFilterChain.java:140) ~[tomcat-embed-core-10.1.36.jar!/:na]
	at com.httparena.ServerHeaderFilter.doFilter(ServerHeaderFilter.java:15) ~[!/:1.0.0]
	at org.apache.catalina.core.ApplicationFilterChain.internalDoFilter(ApplicationFilterChain.java:164) ~[tomcat-embed-core-10.1.36.jar!/:na]
	at org.apache.catalina.core.ApplicationFilterChain.doFilter(ApplicationFilterChain.java:140) ~[tomcat-embed-core-10.1.36.jar!/:na]
	at org.springframework.web.filter.RequestContextFilter.doFilterInternal(RequestContextFilter.java:100) ~[spring-web-6.2.3.jar!/:6.2.3]
	at org.springframework.web.filter.OncePerRequestFilter.doFilter(OncePerRequestFilter.java:116) ~[spring-web-6.2.3.jar!/:6.2.3]
	at org.apache.catalina.core.ApplicationFilterChain.internalDoFilter(ApplicationFilterChain.java:164) ~[tomcat-embed-core-10.1.36.jar!/:na]
	at org.apache.catalina.core.ApplicationFilterChain.doFilter(ApplicationFilterChain.java:140) ~[tomcat-embed-core-10.1.36.jar!/:na]
	at org.springframework.web.filter.FormContentFilter.doFilterInternal(FormContentFilter.java:93) ~[spring-web-6.2.3.jar!/:6.2.3]
	at org.springframework.web.filter.OncePerRequestFilter.doFilter(OncePerRequestFilter.java:116) ~[spring-web-6.2.3.jar!/:6.2.3]
	at org.apache.catalina.core.ApplicationFilterChain.internalDoFilter(ApplicationFilterChain.java:164) ~[tomcat-embed-core-10.1.36.jar!/:na]
	at org.apache.catalina.core.ApplicationFilterChain.doFilter(ApplicationFilterChain.java:140) ~[tomcat-embed-core-10.1.36.jar!/:na]
	at org.springframework.web.filter.CharacterEncodingFilter.doFilterInternal(CharacterEncodingFilter.java:201) ~[spring-web-6.2.3.jar!/:6.2.3]
	at org.springframework.web.filter.OncePerRequestFilter.doFilter(OncePerRequestFilter.java:116) ~[spring-web-6.2.3.jar!/:6.2.3]
	at org.apache.catalina.core.ApplicationFilterChain.internalDoFilter(ApplicationFilterChain.java:164) ~[tomcat-embed-core-10.1.36.jar!/:na]
	at org.apache.catalina.core.ApplicationFilterChain.doFilter(ApplicationFilterChain.java:140) ~[tomcat-embed-core-10.1.36.jar!/:na]
	at org.apache.catalina.core.StandardWrapperValve.invoke(StandardWrapperValve.java:167) ~[tomcat-embed-core-10.1.36.jar!/:na]
	at org.apache.catalina.core.StandardContextValve.invoke(StandardContextValve.java:90) ~[tomcat-embed-core-10.1.36.jar!/:na]
	at org.apache.catalina.authenticator.AuthenticatorBase.invoke(AuthenticatorBase.java:483) ~[tomcat-embed-core-10.1.36.jar!/:na]
	at org.apache.catalina.core.StandardHostValve.invoke(StandardHostValve.java:115) ~[tomcat-embed-core-10.1.36.jar!/:na]
	at org.apache.catalina.valves.ErrorReportValve.invoke(ErrorReportValve.java:93) ~[tomcat-embed-core-10.1.36.jar!/:na]
	at org.apache.catalina.core.StandardEngineValve.invoke(StandardEngineValve.java:74) ~[tomcat-embed-core-10.1.36.jar!/:na]
	at org.apache.catalina.connector.CoyoteAdapter.service(CoyoteAdapter.java:344) ~[tomcat-embed-core-10.1.36.jar!/:na]
	at org.apache.coyote.http2.StreamProcessor.service(StreamProcessor.java:464) ~[tomcat-embed-core-10.1.36.jar!/:na]
	at org.apache.coyote.AbstractProcessorLight.process(AbstractProcessorLight.java:63) ~[tomcat-embed-core-10.1.36.jar!/:na]
	at org.apache.coyote.http2.StreamProcessor.process(StreamProcessor.java:102) ~[tomcat-embed-core-10.1.36.jar!/:na]
	at org.apache.coyote.http2.StreamRunnable.run(StreamRunnable.java:35) ~[tomcat-embed-core-10.1.36.jar!/:na]
	at org.apache.tomcat.util.threads.ThreadPoolExecutor.runWorker(ThreadPoolExecutor.java:1190) ~[tomcat-embed-core-10.1.36.jar!/:na]
	at org.apache.tomcat.util.threads.ThreadPoolExecutor$Worker.run(ThreadPoolExecutor.java:659) ~[tomcat-embed-core-10.1.36.jar!/:na]
	at org.apache.tomcat.util.threads.TaskThread$WrappingRunnable.run(TaskThread.java:63) ~[tomcat-embed-core-10.1.36.jar!/:na]
	at java.base/java.lang.Thread.run(Unknown Source) ~[na:na]

2026-03-07T19:22:26.536Z  WARN 1 --- [io-8443-exec-10] .w.s.m.s.DefaultHandlerExceptionResolver : Ignoring exception, response committed already: org.springframework.http.converter.HttpMessageNotWritableException: No converter for [class java.util.LinkedHashMap] with preset Content-Type 'text/plain;charset=UTF-8'
2026-03-07T19:22:26.538Z  WARN 1 --- [io-8443-exec-10] .w.s.m.s.DefaultHandlerExceptionResolver : Resolved [org.springframework.http.converter.HttpMessageNotWritableException: No converter for [class java.util.LinkedHashMap] with preset Content-Type 'text/plain;charset=UTF-8']
